[debug] [2023-05-24T11:47:52.956Z] ----------------------------------------------------------------------
[debug] [2023-05-24T11:47:52.958Z] Command:       C:\Program Files\nodejs\node.exe C:\Users\user\AppData\Roaming\npm\node_modules\firebase-tools\lib\bin\firebase.js init
[debug] [2023-05-24T11:47:52.958Z] CLI Version:   12.1.0
[debug] [2023-05-24T11:47:52.958Z] Platform:      win32
[debug] [2023-05-24T11:47:52.958Z] Node Version:  v18.16.0
[debug] [2023-05-24T11:47:52.959Z] Time:          Wed May 24 2023 04:47:52 GMT-0700 (Pacific Daylight Time)
[debug] [2023-05-24T11:47:52.959Z] ----------------------------------------------------------------------
[debug] 
[debug] [2023-05-24T11:47:52.961Z] >>> [apiv2][query] GET https://firebase-public.firebaseio.com/cli.json [none]
[debug] [2023-05-24T11:47:52.991Z] > command requires scopes: ["email","openid","https://www.googleapis.com/auth/cloudplatformprojects.readonly","https://www.googleapis.com/auth/firebase","https://www.googleapis.com/auth/cloud-platform"]
[debug] [2023-05-24T11:47:52.992Z] > authorizing via signed-in user (solaimankabir78@gmail.com)
[info] 
     ######## #### ########  ######## ########     ###     ######  ########
     ##        ##  ##     ## ##       ##     ##  ##   ##  ##       ##
     ######    ##  ########  ######   ########  #########  ######  ######
     ##        ##  ##    ##  ##       ##     ## ##     ##       ## ##
     ##       #### ##     ## ######## ########  ##     ##  ######  ########

You're about to initialize a Firebase project in this directory:

  F:\Assignment\toy-marketplace-server

[debug] [2023-05-24T11:47:54.220Z] <<< [apiv2][status] GET https://firebase-public.firebaseio.com/cli.json 200
[debug] [2023-05-24T11:47:54.220Z] <<< [apiv2][body] GET https://firebase-public.firebaseio.com/cli.json {"cloudBuildErrorAfter":1594252800000,"cloudBuildWarnAfter":1590019200000,"defaultNode10After":1594252800000,"minVersion":"3.0.5","node8DeploysDisabledAfter":1613390400000,"node8RuntimeDisabledAfter":1615809600000,"node8WarnAfter":1600128000000}
